no amp
cuda
Model reloaded from 'fine_tuned_model.pth'
Inference batch size: 1
Accuracy: 80.18%
Total Inference Time: 53.65 seconds
Time per Image: 0.0054 seconds
Inference batch size: 2
Accuracy: 80.18%
Total Inference Time: 33.03 seconds
Time per Image: 0.0033 seconds
Inference batch size: 4
Accuracy: 80.18%
Total Inference Time: 22.33 seconds
Time per Image: 0.0022 seconds
Inference batch size: 8
Accuracy: 80.18%
Total Inference Time: 18.93 seconds
Time per Image: 0.0019 seconds
Inference batch size: 16
Accuracy: 80.18%
Total Inference Time: 17.40 seconds
Time per Image: 0.0017 seconds
Inference batch size: 32
Accuracy: 80.18%
Total Inference Time: 16.47 seconds
Time per Image: 0.0016 seconds
Inference batch size: 64
Accuracy: 80.18%
Total Inference Time: 17.02 seconds
Time per Image: 0.0017 seconds
Inference batch size: 128
Accuracy: 80.18%
Total Inference Time: 16.66 seconds
Time per Image: 0.0017 seconds
Inference batch size: 256
Accuracy: 80.18%
Total Inference Time: 16.73 seconds
Time per Image: 0.0017 seconds
Inference batch size: 512
Accuracy: 80.18%
Total Inference Time: 16.41 seconds
Time per Image: 0.0016 seconds
Inference batch size: 1024
Accuracy: 80.18%
Total Inference Time: 16.85 seconds
Time per Image: 0.0017 seconds
amp
cuda
Model reloaded from 'fine_tuned_model.pth'
Inference batch size: 1
Accuracy: 80.20%
Total Inference Time: 62.53 seconds
Time per Image: 0.0063 seconds
Inference batch size: 2
Accuracy: 80.20%
Total Inference Time: 38.66 seconds
Time per Image: 0.0039 seconds
Inference batch size: 4
Accuracy: 80.20%
Total Inference Time: 25.74 seconds
Time per Image: 0.0026 seconds
Inference batch size: 8
Accuracy: 80.20%
Total Inference Time: 19.88 seconds
Time per Image: 0.0020 seconds
Inference batch size: 16
Accuracy: 80.19%
Total Inference Time: 17.51 seconds
Time per Image: 0.0018 seconds
Inference batch size: 32
Accuracy: 80.19%
Total Inference Time: 16.12 seconds
Time per Image: 0.0016 seconds
Inference batch size: 64
Accuracy: 80.19%
Total Inference Time: 16.47 seconds
Time per Image: 0.0016 seconds
Inference batch size: 128
Accuracy: 80.19%
Total Inference Time: 16.06 seconds
Time per Image: 0.0016 seconds
Inference batch size: 256
Accuracy: 80.19%
Total Inference Time: 16.37 seconds
Time per Image: 0.0016 seconds
Inference batch size: 512
Accuracy: 80.19%
Total Inference Time: 15.88 seconds
Time per Image: 0.0016 seconds
Inference batch size: 1024
Accuracy: 80.19%
Total Inference Time: 16.08 seconds
Time per Image: 0.0016 seconds
Inference batch size: 2048
Accuracy: 80.19%
Total Inference Time: 16.35 seconds
Time per Image: 0.0016 seconds
