no amp
cuda
Model reloaded from 'fine_tuned_model.pth'
Pytorch threads: 1
Inference batch size: 1
Accuracy: 80.18%
Total Inference Time: 35.98 seconds
Time per Image: 0.0036 seconds
Peak memory usage: 77.89 MB
Inference batch size: 2
Accuracy: 80.18%
Total Inference Time: 23.72 seconds
Time per Image: 0.0024 seconds
Peak memory usage: 79.79 MB
Inference batch size: 4
Accuracy: 80.18%
Total Inference Time: 18.16 seconds
Time per Image: 0.0018 seconds
Peak memory usage: 81.62 MB
Inference batch size: 8
Accuracy: 80.18%
Total Inference Time: 17.29 seconds
Time per Image: 0.0017 seconds
Peak memory usage: 105.26 MB
Inference batch size: 16
Accuracy: 80.18%
Total Inference Time: 16.56 seconds
Time per Image: 0.0017 seconds
Peak memory usage: 160.02 MB
Inference batch size: 32
Accuracy: 80.18%
Total Inference Time: 16.26 seconds
Time per Image: 0.0016 seconds
Peak memory usage: 265.21 MB
Inference batch size: 64
Accuracy: 80.18%
Total Inference Time: 16.74 seconds
Time per Image: 0.0017 seconds
Peak memory usage: 479.59 MB
Inference batch size: 128
Accuracy: 80.18%
Total Inference Time: 16.43 seconds
Time per Image: 0.0016 seconds
Peak memory usage: 908.34 MB
Inference batch size: 256
Accuracy: 80.18%
Total Inference Time: 17.39 seconds
Time per Image: 0.0017 seconds
Peak memory usage: 1765.85 MB
Inference batch size: 512
Accuracy: 80.18%
Total Inference Time: 18.84 seconds
Time per Image: 0.0019 seconds
Peak memory usage: 3480.86 MB
Inference batch size: 1024
Accuracy: 80.18%
Total Inference Time: 19.18 seconds
Time per Image: 0.0019 seconds
Peak memory usage: 6910.89 MB
Inference batch size: 2048
Accuracy: 80.18%
Total Inference Time: 19.29 seconds
Time per Image: 0.0019 seconds
Peak memory usage: 13770.95 MB
Inference batch size: 4096
Accuracy: 80.18%
Total Inference Time: 19.94 seconds
Time per Image: 0.0020 seconds
Peak memory usage: 27491.07 MB
amp
cuda
Model reloaded from 'fine_tuned_model.pth'
Pytorch threads: 1
Inference batch size: 1
Accuracy: 80.19%
Total Inference Time: 41.85 seconds
Time per Image: 0.0042 seconds
Peak memory usage: 80.32 MB
Inference batch size: 2
Accuracy: 80.18%
Total Inference Time: 27.08 seconds
Time per Image: 0.0027 seconds
Peak memory usage: 82.18 MB
Inference batch size: 4
Accuracy: 80.19%
Total Inference Time: 19.73 seconds
Time per Image: 0.0020 seconds
Peak memory usage: 81.65 MB
Inference batch size: 8
Accuracy: 80.19%
Total Inference Time: 16.82 seconds
Time per Image: 0.0017 seconds
Peak memory usage: 86.48 MB
Inference batch size: 16
Accuracy: 80.19%
Total Inference Time: 15.32 seconds
Time per Image: 0.0015 seconds
Peak memory usage: 119.81 MB
Inference batch size: 32
Accuracy: 80.19%
Total Inference Time: 14.93 seconds
Time per Image: 0.0015 seconds
Peak memory usage: 190.41 MB
Inference batch size: 64
Accuracy: 80.19%
Total Inference Time: 15.43 seconds
Time per Image: 0.0015 seconds
Peak memory usage: 326.53 MB
Inference batch size: 128
Accuracy: 80.19%
Total Inference Time: 15.17 seconds
Time per Image: 0.0015 seconds
Peak memory usage: 603.10 MB
Inference batch size: 256
Accuracy: 80.19%
Total Inference Time: 17.97 seconds
Time per Image: 0.0018 seconds
Peak memory usage: 1153.41 MB
Inference batch size: 512
Accuracy: 80.19%
Total Inference Time: 19.38 seconds
Time per Image: 0.0019 seconds
Peak memory usage: 2255.92 MB
Inference batch size: 1024
Accuracy: 80.19%
Total Inference Time: 19.80 seconds
Time per Image: 0.0020 seconds
Peak memory usage: 4460.94 MB
Inference batch size: 2048
Accuracy: 80.19%
Total Inference Time: 19.96 seconds
Time per Image: 0.0020 seconds
Peak memory usage: 8870.97 MB
Inference batch size: 4096
Accuracy: 80.19%
Total Inference Time: 19.03 seconds
Time per Image: 0.0019 seconds
Peak memory usage: 16515.00 MB
