Architecture:          x86_64
CPU op-mode(s):        32-bit, 64-bit
Byte Order:            Little Endian
CPU(s):                28
On-line CPU(s) list:   0-27
Thread(s) per core:    1
Core(s) per socket:    14
Socket(s):             2
NUMA node(s):          2
Vendor ID:             GenuineIntel
CPU family:            6
Model:                 85
Model name:            Intel(R) Xeon(R) Gold 6132 CPU @ 2.60GHz
Stepping:              4
CPU MHz:               999.914
CPU max MHz:           3700.0000
CPU min MHz:           1000.0000
BogoMIPS:              5200.00
Virtualization:        VT-x
L1d cache:             32K
L1i cache:             32K
L2 cache:              1024K
L3 cache:              19712K
NUMA node0 CPU(s):     0,2,4,6,8,10,12,14,16,18,20,22,24,26
NUMA node1 CPU(s):     1,3,5,7,9,11,13,15,17,19,21,23,25,27
Flags:                 fpu vme de pse tsc msr pae mce cx8 apic sep mtrr pge mca cmov pat pse36 clflush dts acpi mmx fxsr sse sse2 ss ht tm pbe syscall nx pdpe1gb rdtscp lm constant_tsc art arch_perfmon pebs bts rep_good nopl xtopology nonstop_tsc aperfmperf eagerfpu pni pclmulqdq dtes64 monitor ds_cpl vmx smx est tm2 ssse3 sdbg fma cx16 xtpr pdcm pcid dca sse4_1 sse4_2 x2apic movbe popcnt tsc_deadline_timer aes xsave avx f16c rdrand lahf_lm abm 3dnowprefetch epb cat_l3 cdp_l3 invpcid_single intel_ppin intel_pt ssbd mba ibrs ibpb stibp tpr_shadow vnmi flexpriority ept vpid fsgsbase tsc_adjust bmi1 hle avx2 smep bmi2 erms invpcid rtm cqm mpx rdt_a avx512f avx512dq rdseed adx smap clflushopt clwb avx512cd avx512bw avx512vl xsaveopt xsavec xgetbv1 cqm_llc cqm_occup_llc cqm_mbm_total cqm_mbm_local dtherm ida arat pln pts pku ospke md_clear spec_ctrl intel_stibp flush_l1d arch_capabilities
no amp
cuda
Model reloaded from 'fine_tuned_model.pth'
Inference batch size: 1
Accuracy: 80.18%
Total Inference Time: 34.20 seconds
Time per Image: 0.0034 seconds
Inference batch size: 2
Accuracy: 80.18%
Total Inference Time: 22.26 seconds
Time per Image: 0.0022 seconds
Inference batch size: 4
Accuracy: 80.18%
Total Inference Time: 16.23 seconds
Time per Image: 0.0016 seconds
Inference batch size: 8
Accuracy: 80.18%
Total Inference Time: 15.39 seconds
Time per Image: 0.0015 seconds
Inference batch size: 16
Accuracy: 80.18%
Total Inference Time: 14.73 seconds
Time per Image: 0.0015 seconds
Inference batch size: 32
Accuracy: 80.18%
Total Inference Time: 14.55 seconds
Time per Image: 0.0015 seconds
Inference batch size: 64
Accuracy: 80.18%
Total Inference Time: 15.27 seconds
Time per Image: 0.0015 seconds
Inference batch size: 128
Accuracy: 80.18%
Total Inference Time: 17.18 seconds
Time per Image: 0.0017 seconds
Inference batch size: 256
Accuracy: 80.18%
Total Inference Time: 18.07 seconds
Time per Image: 0.0018 seconds
Inference batch size: 512
Accuracy: 80.18%
Total Inference Time: 18.35 seconds
Time per Image: 0.0018 seconds
Inference batch size: 1024
Accuracy: 80.18%
Total Inference Time: 20.12 seconds
Time per Image: 0.0020 seconds
Inference batch size: 2048
Accuracy: 80.18%
Total Inference Time: 20.71 seconds
Time per Image: 0.0021 seconds
Inference batch size: 4096
Accuracy: 80.18%
Total Inference Time: 20.94 seconds
Time per Image: 0.0021 seconds
amp
cuda
Model reloaded from 'fine_tuned_model.pth'
Inference batch size: 1
Accuracy: 80.19%
Total Inference Time: 38.38 seconds
Time per Image: 0.0038 seconds
Inference batch size: 2
Accuracy: 80.18%
Total Inference Time: 24.69 seconds
Time per Image: 0.0025 seconds
Inference batch size: 4
Accuracy: 80.19%
Total Inference Time: 17.52 seconds
Time per Image: 0.0018 seconds
Inference batch size: 8
Accuracy: 80.19%
Total Inference Time: 14.15 seconds
Time per Image: 0.0014 seconds
Inference batch size: 16
Accuracy: 80.19%
Total Inference Time: 13.18 seconds
Time per Image: 0.0013 seconds
Inference batch size: 32
Accuracy: 80.19%
Total Inference Time: 13.30 seconds
Time per Image: 0.0013 seconds
Inference batch size: 64
Accuracy: 80.19%
Total Inference Time: 14.07 seconds
Time per Image: 0.0014 seconds
Inference batch size: 128
Accuracy: 80.19%
Total Inference Time: 15.81 seconds
Time per Image: 0.0016 seconds
Inference batch size: 256
Accuracy: 80.19%
Total Inference Time: 15.94 seconds
Time per Image: 0.0016 seconds
Inference batch size: 512
Accuracy: 80.19%
Total Inference Time: 18.01 seconds
Time per Image: 0.0018 seconds
Inference batch size: 1024
Accuracy: 80.19%
Total Inference Time: 18.34 seconds
Time per Image: 0.0018 seconds
Inference batch size: 2048
Accuracy: 80.19%
Total Inference Time: 16.48 seconds
Time per Image: 0.0016 seconds
Inference batch size: 4096
Accuracy: 80.19%
Total Inference Time: 17.11 seconds
Time per Image: 0.0017 seconds
