no amp
cuda
Model reloaded from 'fine_tuned_model.pth'
Inference batch size: 1
Accuracy: 80.18%
Total Inference Time: 48.70 seconds
Time per Image: 0.0049 seconds
Inference batch size: 2
Accuracy: 80.18%
Total Inference Time: 30.83 seconds
Time per Image: 0.0031 seconds
Inference batch size: 4
Accuracy: 80.18%
Total Inference Time: 22.11 seconds
Time per Image: 0.0022 seconds
Inference batch size: 8
Accuracy: 80.18%
Total Inference Time: 20.10 seconds
Time per Image: 0.0020 seconds
Inference batch size: 16
Accuracy: 80.18%
Total Inference Time: 19.38 seconds
Time per Image: 0.0019 seconds
Inference batch size: 32
Accuracy: 80.18%
Total Inference Time: 19.30 seconds
Time per Image: 0.0019 seconds
Inference batch size: 64
Accuracy: 80.18%
Total Inference Time: 19.56 seconds
Time per Image: 0.0020 seconds
Inference batch size: 128
Accuracy: 80.18%
Total Inference Time: 19.27 seconds
Time per Image: 0.0019 seconds
Inference batch size: 256
Accuracy: 80.18%
Total Inference Time: 20.00 seconds
Time per Image: 0.0020 seconds
Inference batch size: 512
Accuracy: 80.18%
Total Inference Time: 21.18 seconds
Time per Image: 0.0021 seconds
Inference batch size: 1024
Accuracy: 80.18%
Total Inference Time: 21.47 seconds
Time per Image: 0.0021 seconds
amp
cuda
Model reloaded from 'fine_tuned_model.pth'
Inference batch size: 1
Accuracy: 80.20%
Total Inference Time: 59.48 seconds
Time per Image: 0.0059 seconds
Inference batch size: 2
Accuracy: 80.20%
Total Inference Time: 36.60 seconds
Time per Image: 0.0037 seconds
Inference batch size: 4
Accuracy: 80.20%
Total Inference Time: 25.52 seconds
Time per Image: 0.0026 seconds
Inference batch size: 8
Accuracy: 80.20%
Total Inference Time: 20.91 seconds
Time per Image: 0.0021 seconds
Inference batch size: 16
Accuracy: 80.19%
Total Inference Time: 19.45 seconds
Time per Image: 0.0019 seconds
Inference batch size: 32
Accuracy: 80.19%
Total Inference Time: 18.88 seconds
Time per Image: 0.0019 seconds
Inference batch size: 64
Accuracy: 80.19%
Total Inference Time: 19.38 seconds
Time per Image: 0.0019 seconds
Inference batch size: 128
Accuracy: 80.19%
Total Inference Time: 18.84 seconds
Time per Image: 0.0019 seconds
Inference batch size: 256
Accuracy: 80.19%
Total Inference Time: 19.77 seconds
Time per Image: 0.0020 seconds
Inference batch size: 512
Accuracy: 80.19%
Total Inference Time: 20.72 seconds
Time per Image: 0.0021 seconds
Inference batch size: 1024
Accuracy: 80.19%
Total Inference Time: 21.20 seconds
Time per Image: 0.0021 seconds
Inference batch size: 2048
Accuracy: 80.19%
Total Inference Time: 21.38 seconds
Time per Image: 0.0021 seconds
