Architecture:                       x86_64
CPU op-mode(s):                     32-bit, 64-bit
Address sizes:                      46 bits physical, 48 bits virtual
Byte Order:                         Little Endian
CPU(s):                             28
On-line CPU(s) list:                0-27
Vendor ID:                          GenuineIntel
Model name:                         Intel(R) Xeon(R) CPU E5-2680 v4 @ 2.40GHz
CPU family:                         6
Model:                              79
Thread(s) per core:                 1
Core(s) per socket:                 14
Socket(s):                          2
Stepping:                           1
CPU max MHz:                        3300.0000
CPU min MHz:                        1200.0000
BogoMIPS:                           4799.95
Flags:                              fpu vme de pse tsc msr pae mce cx8 apic sep mtrr pge mca cmov pat pse36 clflush dts acpi mmx fxsr sse sse2 ss ht tm pbe syscall nx pdpe1gb rdtscp lm constant_tsc arch_perfmon pebs bts rep_good nopl xtopology nonstop_tsc cpuid aperfmperf pni pclmulqdq dtes64 monitor ds_cpl vmx smx est tm2 ssse3 sdbg fma cx16 xtpr pdcm pcid dca sse4_1 sse4_2 x2apic movbe popcnt tsc_deadline_timer aes xsave avx f16c rdrand lahf_lm abm 3dnowprefetch cpuid_fault epb cat_l3 cdp_l3 invpcid_single pti ssbd ibrs ibpb stibp tpr_shadow flexpriority ept vpid ept_ad fsgsbase tsc_adjust bmi1 hle avx2 smep bmi2 erms invpcid rtm cqm rdt_a rdseed adx smap intel_pt xsaveopt cqm_llc cqm_occup_llc cqm_mbm_total cqm_mbm_local dtherm ida arat pln pts vnmi md_clear flush_l1d
Virtualization:                     VT-x
L1d cache:                          896 KiB (28 instances)
L1i cache:                          896 KiB (28 instances)
L2 cache:                           7 MiB (28 instances)
L3 cache:                           70 MiB (2 instances)
NUMA node(s):                       2
NUMA node0 CPU(s):                  0,2,4,6,8,10,12,14,16,18,20,22,24,26
NUMA node1 CPU(s):                  1,3,5,7,9,11,13,15,17,19,21,23,25,27
Vulnerability Gather data sampling: Not affected
Vulnerability Itlb multihit:        KVM: Mitigation: VMX disabled
Vulnerability L1tf:                 Mitigation; PTE Inversion; VMX conditional cache flushes, SMT disabled
Vulnerability Mds:                  Mitigation; Clear CPU buffers; SMT disabled
Vulnerability Meltdown:             Mitigation; PTI
Vulnerability Mmio stale data:      Mitigation; Clear CPU buffers; SMT disabled
Vulnerability Retbleed:             Not affected
Vulnerability Spec rstack overflow: Not affected
Vulnerability Spec store bypass:    Mitigation; Speculative Store Bypass disabled via prctl
Vulnerability Spectre v1:           Mitigation; usercopy/swapgs barriers and __user pointer sanitization
Vulnerability Spectre v2:           Mitigation; Retpolines, IBPB conditional, IBRS_FW, RSB filling, PBRSB-eIBRS Not affected
Vulnerability Srbds:                Not affected
Vulnerability Tsx async abort:      Mitigation; Clear CPU buffers; SMT disabled
no amp
cuda
Model reloaded from 'fine_tuned_model.pth'
Pytorch threads: 1
Inference batch size: 1
Accuracy: 80.18%
Total Inference Time: 62.08 seconds
Time per Image: 0.0062 seconds
Peak memory usage: 77.89 MB
Inference batch size: 2
Accuracy: 80.18%
Total Inference Time: 33.82 seconds
Time per Image: 0.0034 seconds
Peak memory usage: 79.79 MB
Inference batch size: 4
Accuracy: 80.18%
Total Inference Time: 28.23 seconds
Time per Image: 0.0028 seconds
Peak memory usage: 81.62 MB
Inference batch size: 8
Accuracy: 80.18%
Total Inference Time: 21.98 seconds
Time per Image: 0.0022 seconds
Peak memory usage: 104.43 MB
Inference batch size: 16
Accuracy: 80.18%
Total Inference Time: 20.87 seconds
Time per Image: 0.0021 seconds
Peak memory usage: 160.02 MB
Inference batch size: 32
Accuracy: 80.18%
Total Inference Time: 20.30 seconds
Time per Image: 0.0020 seconds
Peak memory usage: 265.21 MB
Inference batch size: 64
Accuracy: 80.18%
Total Inference Time: 20.59 seconds
Time per Image: 0.0021 seconds
Peak memory usage: 479.59 MB
Inference batch size: 128
Accuracy: 80.18%
Total Inference Time: 20.39 seconds
Time per Image: 0.0020 seconds
Peak memory usage: 908.34 MB
Inference batch size: 256
Accuracy: 80.18%
Total Inference Time: 21.28 seconds
Time per Image: 0.0021 seconds
Peak memory usage: 1765.85 MB
Inference batch size: 512
Accuracy: 80.18%
Total Inference Time: 20.43 seconds
Time per Image: 0.0020 seconds
Peak memory usage: 3480.86 MB
Inference batch size: 1024
Accuracy: 80.18%
Total Inference Time: 23.18 seconds
Time per Image: 0.0023 seconds
Peak memory usage: 6910.89 MB
amp
cuda
Model reloaded from 'fine_tuned_model.pth'
Pytorch threads: 1
Inference batch size: 1
Accuracy: 80.20%
Total Inference Time: 62.15 seconds
Time per Image: 0.0062 seconds
Peak memory usage: 108.02 MB
Inference batch size: 2
Accuracy: 80.20%
Total Inference Time: 38.57 seconds
Time per Image: 0.0039 seconds
Peak memory usage: 109.87 MB
Inference batch size: 4
Accuracy: 80.20%
Total Inference Time: 35.21 seconds
Time per Image: 0.0035 seconds
Peak memory usage: 111.03 MB
Inference batch size: 8
Accuracy: 80.20%
Total Inference Time: 24.80 seconds
Time per Image: 0.0025 seconds
Peak memory usage: 115.89 MB
Inference batch size: 16
Accuracy: 80.19%
Total Inference Time: 24.52 seconds
Time per Image: 0.0025 seconds
Peak memory usage: 140.82 MB
Inference batch size: 32
Accuracy: 80.19%
Total Inference Time: 21.96 seconds
Time per Image: 0.0022 seconds
Peak memory usage: 229.32 MB
Inference batch size: 64
Accuracy: 80.19%
Total Inference Time: 19.93 seconds
Time per Image: 0.0020 seconds
Peak memory usage: 407.88 MB
Inference batch size: 128
Accuracy: 80.19%
Total Inference Time: 20.24 seconds
Time per Image: 0.0020 seconds
Peak memory usage: 566.35 MB
Inference batch size: 256
Accuracy: 80.19%
Total Inference Time: 22.07 seconds
Time per Image: 0.0022 seconds
Peak memory usage: 1079.86 MB
Inference batch size: 512
Accuracy: 80.19%
Total Inference Time: 23.65 seconds
Time per Image: 0.0024 seconds
Peak memory usage: 2108.87 MB
Inference batch size: 1024
Accuracy: 80.19%
Total Inference Time: 23.74 seconds
Time per Image: 0.0024 seconds
Peak memory usage: 4166.89 MB
Inference batch size: 2048
Accuracy: 80.19%
Total Inference Time: 26.22 seconds
Time per Image: 0.0026 seconds
Peak memory usage: 8282.92 MB
