0 workers
cuda
Model reloaded from 'fine_tuned_model.pth'
Pytorch threads: 28
Inference batch size: 1
Accuracy: 80.18%
Total Inference Time: 59.31 seconds
Time per Image: 0.0059 seconds
Inference batch size: 2
Accuracy: 80.18%
Total Inference Time: 30.90 seconds
Time per Image: 0.0031 seconds
Inference batch size: 4
Accuracy: 80.18%
Total Inference Time: 21.28 seconds
Time per Image: 0.0021 seconds
Inference batch size: 8
Accuracy: 80.18%
Total Inference Time: 19.32 seconds
Time per Image: 0.0019 seconds
Inference batch size: 16
Accuracy: 80.18%
Total Inference Time: 17.64 seconds
Time per Image: 0.0018 seconds
Inference batch size: 32
Accuracy: 80.18%
Total Inference Time: 16.67 seconds
Time per Image: 0.0017 seconds
Inference batch size: 64
Accuracy: 80.18%
Total Inference Time: 18.12 seconds
Time per Image: 0.0018 seconds
Inference batch size: 128
Accuracy: 80.18%
Total Inference Time: 21.36 seconds
Time per Image: 0.0021 seconds
Inference batch size: 256
Accuracy: 80.18%
Total Inference Time: 18.28 seconds
Time per Image: 0.0018 seconds
Inference batch size: 512
Accuracy: 80.18%
Total Inference Time: 19.23 seconds
Time per Image: 0.0019 seconds
Inference batch size: 1024
Accuracy: 80.18%
Total Inference Time: 20.08 seconds
Time per Image: 0.0020 seconds
1 workers
cuda
Model reloaded from 'fine_tuned_model.pth'
Pytorch threads: 28
Inference batch size: 1
Accuracy: 80.18%
Total Inference Time: 54.49 seconds
Time per Image: 0.0054 seconds
Inference batch size: 2
Accuracy: 80.18%
Total Inference Time: 32.07 seconds
Time per Image: 0.0032 seconds
Inference batch size: 4
Accuracy: 80.18%
Total Inference Time: 22.06 seconds
Time per Image: 0.0022 seconds
Inference batch size: 8
Accuracy: 80.18%
Total Inference Time: 20.28 seconds
Time per Image: 0.0020 seconds
Inference batch size: 16
Accuracy: 80.18%
Total Inference Time: 20.20 seconds
Time per Image: 0.0020 seconds
Inference batch size: 32
Accuracy: 80.18%
Total Inference Time: 16.46 seconds
Time per Image: 0.0016 seconds
Inference batch size: 64
Accuracy: 80.18%
Total Inference Time: 16.99 seconds
Time per Image: 0.0017 seconds
Inference batch size: 128
Accuracy: 80.18%
Total Inference Time: 16.26 seconds
Time per Image: 0.0016 seconds
Inference batch size: 256
Accuracy: 80.18%
Total Inference Time: 17.12 seconds
Time per Image: 0.0017 seconds
Inference batch size: 512
Accuracy: 80.18%
Total Inference Time: 17.79 seconds
Time per Image: 0.0018 seconds
Inference batch size: 1024
Accuracy: 80.18%
Total Inference Time: 19.17 seconds
Time per Image: 0.0019 seconds
2 workers
cuda
Model reloaded from 'fine_tuned_model.pth'
Pytorch threads: 28
Inference batch size: 1
Accuracy: 80.18%
Total Inference Time: 53.24 seconds
Time per Image: 0.0053 seconds
Inference batch size: 2
Accuracy: 80.18%
Total Inference Time: 28.62 seconds
Time per Image: 0.0029 seconds
Inference batch size: 4
Accuracy: 80.18%
Total Inference Time: 19.11 seconds
Time per Image: 0.0019 seconds
Inference batch size: 8
Accuracy: 80.18%
Total Inference Time: 15.82 seconds
Time per Image: 0.0016 seconds
Inference batch size: 16
Accuracy: 80.18%
Total Inference Time: 11.40 seconds
Time per Image: 0.0011 seconds
Inference batch size: 32
Accuracy: 80.18%
Total Inference Time: 12.31 seconds
Time per Image: 0.0012 seconds
Inference batch size: 64
Accuracy: 80.18%
Total Inference Time: 10.26 seconds
Time per Image: 0.0010 seconds
Inference batch size: 128
Accuracy: 80.18%
Total Inference Time: 8.74 seconds
Time per Image: 0.0009 seconds
Inference batch size: 256
Accuracy: 80.18%
Total Inference Time: 9.16 seconds
Time per Image: 0.0009 seconds
Inference batch size: 512
Accuracy: 80.18%
Total Inference Time: 11.95 seconds
Time per Image: 0.0012 seconds
Inference batch size: 1024
Accuracy: 80.18%
Total Inference Time: 10.78 seconds
Time per Image: 0.0011 seconds
4 workers
cuda
Model reloaded from 'fine_tuned_model.pth'
Pytorch threads: 28
Inference batch size: 1
Accuracy: 80.18%
Total Inference Time: 61.92 seconds
Time per Image: 0.0062 seconds
Inference batch size: 2
Accuracy: 80.18%
Total Inference Time: 29.89 seconds
Time per Image: 0.0030 seconds
Inference batch size: 4
Accuracy: 80.18%
Total Inference Time: 17.40 seconds
Time per Image: 0.0017 seconds
Inference batch size: 8
Accuracy: 80.18%
Total Inference Time: 13.62 seconds
Time per Image: 0.0014 seconds
Inference batch size: 16
Accuracy: 80.18%
Total Inference Time: 10.25 seconds
Time per Image: 0.0010 seconds
Inference batch size: 32
Accuracy: 80.18%
Total Inference Time: 8.48 seconds
Time per Image: 0.0008 seconds
Inference batch size: 64
Accuracy: 80.18%
Total Inference Time: 8.73 seconds
Time per Image: 0.0009 seconds
Inference batch size: 128
Accuracy: 80.18%
Total Inference Time: 8.00 seconds
Time per Image: 0.0008 seconds
Inference batch size: 256
Accuracy: 80.18%
Total Inference Time: 8.07 seconds
Time per Image: 0.0008 seconds
Inference batch size: 512
Accuracy: 80.18%
Total Inference Time: 8.50 seconds
Time per Image: 0.0009 seconds
Inference batch size: 1024
Accuracy: 80.18%
Total Inference Time: 9.95 seconds
Time per Image: 0.0010 seconds
8 workers
cuda
Model reloaded from 'fine_tuned_model.pth'
Pytorch threads: 28
Inference batch size: 1
Accuracy: 80.18%
Total Inference Time: 55.39 seconds
Time per Image: 0.0055 seconds
Inference batch size: 2
Accuracy: 80.18%
Total Inference Time: 33.36 seconds
Time per Image: 0.0033 seconds
Inference batch size: 4
Accuracy: 80.18%
Total Inference Time: 17.13 seconds
Time per Image: 0.0017 seconds
Inference batch size: 8
Accuracy: 80.18%
Total Inference Time: 14.67 seconds
Time per Image: 0.0015 seconds
Inference batch size: 16
Accuracy: 80.18%
Total Inference Time: 10.40 seconds
Time per Image: 0.0010 seconds
Inference batch size: 32
Accuracy: 80.18%
Total Inference Time: 9.45 seconds
Time per Image: 0.0009 seconds
Inference batch size: 64
Accuracy: 80.18%
Total Inference Time: 7.84 seconds
Time per Image: 0.0008 seconds
Inference batch size: 128
Accuracy: 80.18%
Total Inference Time: 7.98 seconds
Time per Image: 0.0008 seconds
Inference batch size: 256
Accuracy: 80.18%
Total Inference Time: 8.54 seconds
Time per Image: 0.0009 seconds
Inference batch size: 512
Accuracy: 80.18%
Total Inference Time: 8.83 seconds
Time per Image: 0.0009 seconds
Inference batch size: 1024
Accuracy: 80.18%
Total Inference Time: 10.16 seconds
Time per Image: 0.0010 seconds
16 workers
cuda
Model reloaded from 'fine_tuned_model.pth'
Pytorch threads: 28
Inference batch size: 1
Accuracy: 80.18%
Total Inference Time: 56.91 seconds
Time per Image: 0.0057 seconds
Inference batch size: 2
Accuracy: 80.18%
Total Inference Time: 30.45 seconds
Time per Image: 0.0030 seconds
Inference batch size: 4
Accuracy: 80.18%
Total Inference Time: 22.31 seconds
Time per Image: 0.0022 seconds
Inference batch size: 8
Accuracy: 80.18%
Total Inference Time: 12.33 seconds
Time per Image: 0.0012 seconds
Inference batch size: 16
Accuracy: 80.18%
Total Inference Time: 9.68 seconds
Time per Image: 0.0010 seconds
Inference batch size: 32
Accuracy: 80.18%
Total Inference Time: 9.12 seconds
Time per Image: 0.0009 seconds
Inference batch size: 64
Accuracy: 80.18%
Total Inference Time: 8.27 seconds
Time per Image: 0.0008 seconds
Inference batch size: 128
Accuracy: 80.18%
Total Inference Time: 8.68 seconds
Time per Image: 0.0009 seconds
Inference batch size: 256
Accuracy: 80.18%
Total Inference Time: 8.65 seconds
Time per Image: 0.0009 seconds
Inference batch size: 512
Accuracy: 80.18%
Total Inference Time: 8.73 seconds
Time per Image: 0.0009 seconds
Inference batch size: 1024
Accuracy: 80.18%
Total Inference Time: 10.41 seconds
Time per Image: 0.0010 seconds
28 workers
cuda
Model reloaded from 'fine_tuned_model.pth'
Pytorch threads: 28
Inference batch size: 1
Accuracy: 80.18%
Total Inference Time: 62.91 seconds
Time per Image: 0.0063 seconds
Inference batch size: 2
Accuracy: 80.18%
Total Inference Time: 32.90 seconds
Time per Image: 0.0033 seconds
Inference batch size: 4
Accuracy: 80.18%
Total Inference Time: 17.52 seconds
Time per Image: 0.0018 seconds
Inference batch size: 8
Accuracy: 80.18%
Total Inference Time: 13.03 seconds
Time per Image: 0.0013 seconds
Inference batch size: 16
Accuracy: 80.18%
Total Inference Time: 10.23 seconds
Time per Image: 0.0010 seconds
Inference batch size: 32
Accuracy: 80.18%
Total Inference Time: 8.96 seconds
Time per Image: 0.0009 seconds
Inference batch size: 64
Accuracy: 80.18%
Total Inference Time: 8.07 seconds
Time per Image: 0.0008 seconds
Inference batch size: 128
Accuracy: 80.18%
Total Inference Time: 7.76 seconds
Time per Image: 0.0008 seconds
Inference batch size: 256
Accuracy: 80.18%
Total Inference Time: 8.20 seconds
Time per Image: 0.0008 seconds
Inference batch size: 512
Accuracy: 80.18%
Total Inference Time: 8.33 seconds
Time per Image: 0.0008 seconds
Inference batch size: 1024
Accuracy: 80.18%
Total Inference Time: 10.69 seconds
Time per Image: 0.0011 seconds
56 workers
cuda
Model reloaded from 'fine_tuned_model.pth'
Pytorch threads: 28
Inference batch size: 1
Accuracy: 80.18%
Total Inference Time: 58.90 seconds
Time per Image: 0.0059 seconds
Inference batch size: 2
Accuracy: 80.18%
Total Inference Time: 29.71 seconds
Time per Image: 0.0030 seconds
Inference batch size: 4
Accuracy: 80.18%
Total Inference Time: 19.70 seconds
Time per Image: 0.0020 seconds
Inference batch size: 8
Accuracy: 80.18%
Total Inference Time: 13.23 seconds
Time per Image: 0.0013 seconds
Inference batch size: 16
Accuracy: 80.18%
Total Inference Time: 10.37 seconds
Time per Image: 0.0010 seconds
Inference batch size: 32
Accuracy: 80.18%
Total Inference Time: 8.97 seconds
Time per Image: 0.0009 seconds
Inference batch size: 64
Accuracy: 80.18%
Total Inference Time: 8.77 seconds
Time per Image: 0.0009 seconds
Inference batch size: 128
Accuracy: 80.18%
Total Inference Time: 8.44 seconds
Time per Image: 0.0008 seconds
Inference batch size: 256
Accuracy: 80.18%
Total Inference Time: 8.69 seconds
Time per Image: 0.0009 seconds
Inference batch size: 512
Accuracy: 80.18%
Total Inference Time: 9.23 seconds
Time per Image: 0.0009 seconds
Inference batch size: 1024
Accuracy: 80.18%
Total Inference Time: 10.11 seconds
Time per Image: 0.0010 seconds
